{
  "RSpec": {
    "coverage": {
      "/Users/user/Projects/Week_9/bank_tech_test/spec/account_spec.rb": {
        "lines": [
          1,
          null,
          1,
          null,
          1,
          1,
          null,
          null,
          1,
          1,
          1,
          1,
          null,
          null,
          null,
          1,
          1,
          1,
          1,
          1,
          null,
          null,
          1,
          1,
          1,
          1,
          1,
          null,
          null,
          null,
          1,
          1,
          1,
          1,
          1,
          1,
          null,
          null,
          null,
          1,
          1,
          1,
          1,
          null,
          null,
          1,
          1,
          1,
          1,
          null,
          null,
          1,
          1,
          1,
          1,
          1,
          null,
          null,
          null,
          null,
          null
        ]
      },
      "/Users/user/Projects/Week_9/bank_tech_test/lib/account.rb": {
        "lines": [
          1,
          null,
          1,
          null,
          1,
          null,
          1,
          8,
          8,
          null,
          null,
          null,
          1,
          6,
          6,
          null,
          null,
          1,
          2,
          2,
          null,
          null,
          null,
          null,
          null,
          null,
          null,
          null,
          null
        ]
      },
      "/Users/user/Projects/Week_9/bank_tech_test/lib/transaction.rb": {
        "lines": [
          null,
          null,
          null,
          null,
          null,
          null,
          null,
          null,
          null,
          null
        ]
      }
    },
    "timestamp": 1612799677
  }
}
